Started 
Heap handle: 12780000
start process C:\Calc Script Versions\Calc 2 Cla\Calc2Clarion.exe
Command line :> "C:\Clarion10\bin\Cladb.exe"  -s Debug  -c "C:\Users\steve\AppData\Roaming\SoftVelocity\Clarion\10.0"  "C:\Calc Script Versions\Calc 2 Cla\Calc2Clarion.exe" 
Command line :> "C:\Calc Script Versions\Calc 2 Cla\Calc2Clarion.exe" 
Redirection file :> 
CREATE_PROCESS_DEBUG_EVENT  ! No image name found
g.debug_name C:\Calc Script Versions\Calc 2 Cla\Calc2Clarion.exe
BaseOfImage                00400000
CREATE_PROCESS_DEBUG_EVENT: process main thread tid=00002F7C
thread handle=000006A0
ntdll.dll Loaded at: 77D10000
No debug information
UNLOAD_DLL_DEBUG_EVENT: BaseOfDll 02490000
UNLOAD_DLL_DEBUG_EVENT: BaseOfDll 76F50000
UNLOAD_DLL_DEBUG_EVENT: BaseOfDll 02490000
KERNEL32.dll Loaded at: 76F50000
No debug information
KERNELBASE.dll Loaded at: 76600000
No debug information
CREATE_THREAD_DEBUG_EVENT: tid=00001DC8
thread handle=000006D8
CREATE_THREAD_DEBUG_EVENT: tid=0000264C
thread handle=00000688
ClaRUN.dll Loaded at: 02880000
WslDb$$NotifyDebugger 029609DC
UNLOAD_DLL_DEBUG_EVENT: ClaRUN
BaseOfDll               02880000
Calcscript2.dll Loaded at: 5D590000
No debug information
VCRUNTIME140D.dll Loaded at: 64860000
No debug information
ucrtbased.dll Loaded at: 0FE20000
No debug information
CREATE_THREAD_DEBUG_EVENT: tid=00000900
thread handle=000006E0
ClaRUN.dll Loaded at: 029C0000
WslDb$$NotifyDebugger 02AA09DC
ADVAPI32.dll Loaded at: 75E20000
No debug information
msvcrt.dll Loaded at: 77B20000
No debug information
SECHOST.dll Loaded at: 76550000
No debug information
RPCRT4.dll Loaded at: 76230000
No debug information
SspiCli.dll Loaded at: 74730000
No debug information
CRYPTBASE.dll Loaded at: 74720000
No debug information
bcryptPrimitives.dll Loaded at: 75F50000
No debug information
COMDLG32.dll Loaded at: 77A40000
No debug information
COMCTL32.dll Loaded at: 6EF10000
No debug information
combase.dll Loaded at: 762F0000
No debug information
GDI32.dll Loaded at: 77C30000
No debug information
ucrtbase.dll Loaded at: 75C70000
No debug information
gdi32full.dll Loaded at: 75FB0000
No debug information
SHCORE.dll Loaded at: 75EC0000
No debug information
msvcp_win.dll Loaded at: 75D90000
No debug information
USER32.dll Loaded at: 74750000
No debug information
USER32.dll Loaded at: 02B70000
No debug information
win32u.dll Loaded at: 77C60000
No debug information
UNLOAD_DLL_DEBUG_EVENT: BaseOfDll 74750000
SHLWAPI.dll Loaded at: 77BE0000
No debug information
SHELL32.dll Loaded at: 748D0000
No debug information
CFGMGR32.dll Loaded at: 77020000
No debug information
Windows.Storage.dll Loaded at: 77240000
No debug information
AppCore.dll Loaded at: 76220000
No debug information
POWRPROF.dll Loaded at: 77060000
No debug information
profapi.dll Loaded at: 76930000
No debug information
ole32.dll Loaded at: 77140000
No debug information
OLEAUT32.dll Loaded at: 76180000
No debug information
MPR.dll Loaded at: 74090000
No debug information
WINSPOOL.DRV Loaded at: 6A450000
No debug information
oledlg.dll Loaded at: 6B290000
No debug information
IPHLPAPI.DLL Loaded at: 73E50000
No debug information
bcrypt.dll Loaded at: 73B40000
No debug information
IMM32.dll Loaded at: 77880000
No debug information
MSIMG32.dll Loaded at: 70BF0000
No debug information
UxTheme.dll Loaded at: 6AD70000
No debug information
MSCTF.dll Loaded at: 767E0000
No debug information
tiptsf.dll Loaded at: 69DC0000
No debug information
VERSION.dll Loaded at: 740F0000
No debug information
UNLOAD_DLL_DEBUG_EVENT: BaseOfDll 740F0000
dwmapi.dll Loaded at: 64210000
No debug information
TextInputFramework.dll Loaded at: 66D40000
No debug information
CoreUIComponents.dll Loaded at: 62860000
No debug information
CoreMessaging.dll Loaded at: 62FA0000
No debug information
NTMARTA.dll Loaded at: 73FA0000
No debug information
WinTypes.dll Loaded at: 62790000
No debug information
WinTypes.dll Loaded at: 0EEE0000
No debug information
UNLOAD_DLL_DEBUG_EVENT: BaseOfDll 0EEE0000
CLBCatQ.DLL Loaded at: 77C80000
No debug information
UIAutomationCore.DLL Loaded at: 625F0000
No debug information
CREATE_THREAD_DEBUG_EVENT: tid=000011CC
thread handle=0000078C
CREATE_THREAD_DEBUG_EVENT: tid=000017A0
thread handle=00000794
CREATE_THREAD_DEBUG_EVENT: tid=00002BEC
thread handle=000007AC
CREATE_THREAD_DEBUG_EVENT: tid=0000067C
thread handle=00000790
CREATE_THREAD_DEBUG_EVENT: tid=00000A94
thread handle=00000710
onecore\com\combase\inc\comcataloghelpers.hpp(67)\combase.dll!76368550: (caller: 763682E0) ReturnHr(1) tid(a94) 80004002 No such interface supported
sxs.dll Loaded at: 693B0000
No debug information
mincore\com\oleaut32\dispatch\ups.cpp(2125)\OLEAUT32.dll!761A234F: (caller: 761A1EF1) ReturnHr(1) tid(2f7c) 8002801D Library not registered.
mincore\com\oleaut32\dispatch\ups.cpp(2125)\OLEAUT32.dll!761A234F: (caller: 761A1EF1) ReturnHr(2) tid(2f7c) 8002801D Library not registered.
CREATE_THREAD_DEBUG_EVENT: tid=000021E4
thread handle=000007B0
OLEACC.dll Loaded at: 68530000
No debug information
TWINAPI.dll Loaded at: 59620000
No debug information
twinapi.appcore.dll Loaded at: 5FA40000
No debug information
RMCLIENT.dll Loaded at: 68410000
No debug information
